<?xml version="1.0" encoding="UTF-8"?>
<!-- Generated by org.testng.reporters.JUnitReportReporter -->
<testsuite hostname="bcedbeeced305226558baaaccbaafebfafour-0" failures="0" tests="3" name="runner.Testcase1" time="33.715" errors="0" timestamp="2023-09-19T00:22:45 UTC" skipped="0">
  <testcase classname="runner.Testcase1" name="TC_001" time="9.373"/>
  <testcase classname="runner.Testcase1" name="TC_002" time="11.913"/>
  <testcase classname="runner.Testcase1" name="TC_003" time="12.429"/>
</testsuite> <!-- runner.Testcase1 -->
